<?xml version="1.0" encoding="UTF-8"?>
<testng-results ignored="0" total="1" passed="1" failed="0" skipped="0">
  <reporter-output>
  </reporter-output>
  <suite started-at="2021-12-01T16:56:51 EST" name="Default suite" finished-at="2021-12-01T16:56:51 EST" duration-ms="64">
    <groups>
    </groups>
    <test started-at="2021-12-01T16:56:51 EST" name="Default test" finished-at="2021-12-01T16:56:51 EST" duration-ms="64">
      <class name="selenium1.Test1">
        <test-method signature="demo()[pri:0, instance:selenium1.Test1@1817d444]" started-at="2021-12-01T16:56:51 EST" name="demo" finished-at="2021-12-01T16:56:51 EST" duration-ms="11" status="PASS">
          <reporter-output>
          </reporter-output>
        </test-method> <!-- demo -->
      </class> <!-- selenium1.Test1 -->
    </test> <!-- Default test -->
  </suite> <!-- Default suite -->
</testng-results>
